Build started 2016/9/22 15:52:39.
     1>Project "c:\Users\admin\documents\visual studio 2013\Projects\cyaThread\cyaThread\cyaThread.vcxproj" on node 2 (Build target(s)).
     1>ClCompile:
         D:\IDE\VS2013\VC\bin\CL.exe /c /ZI /nologo /W3 /WX- /sdl /Od /Oy- /D _MBCS /Gm /EHsc /RTC1 /MDd /GS /fp:precise /Zc:wchar_t /Zc:forScope /Fo"Debug\\" /Fd"Debug\vc120.pdb" /Gd /TP /analyze- /errorReport:prompt cyaThread.cpp
         cyaThread.cpp
       Link:
         D:\IDE\VS2013\VC\bin\link.exe /ERRORREPORT:PROMPT /OUT:"c:\users\admin\documents\visual studio 2013\Projects\cyaThread\Debug\cyaThread.exe" /INCREMENTAL /NOLOGO kernel32.lib user32.lib gdi32.lib winspool.lib comdlg32.lib advapi32.lib shell32.lib ole32.lib oleaut32.lib uuid.lib odbc32.lib odbccp32.lib /MANIFEST /MANIFESTUAC:"level='asInvoker' uiAccess='false'" /manifest:embed /DEBUG /PDB:"c:\users\admin\documents\visual studio 2013\Projects\cyaThread\Debug\cyaThread.pdb" /TLBID:1 /DYNAMICBASE /NXCOMPAT /IMPLIB:"c:\users\admin\documents\visual studio 2013\Projects\cyaThread\Debug\cyaThread.lib" /MACHINE:X86 Debug\cyaThread.obj
     1>LINK : fatal error LNK1561: entry point must be defined
     1>Done Building Project "c:\Users\admin\documents\visual studio 2013\Projects\cyaThread\cyaThread\cyaThread.vcxproj" (Build target(s)) -- FAILED.

Build FAILED.

Time Elapsed 00:00:01.00
